[2022-02-27 07:35:41.600] [exthost] [info] extension host started
[2022-02-27 07:35:41.612] [exthost] [error] Error: EEXIST: file already exists, open '/home/ubuntu/.vscode-server/data/User/workspaceStorage/2bd17f607a67a2ab9977bfcb9cde9d4c/vscode.lock'
[2022-02-27 07:35:41.639] [exthost] [info] Lock '/home/ubuntu/.vscode-server/data/User/workspaceStorage/2bd17f607a67a2ab9977bfcb9cde9d4c/vscode.lock': Could not acquire lock, checking if the file is stale.
[2022-02-27 07:35:41.647] [exthost] [info] Lock '/home/ubuntu/.vscode-server/data/User/workspaceStorage/2bd17f607a67a2ab9977bfcb9cde9d4c/vscode.lock': The lock does not look stale, elapsed: 530 ms, giving up.
[2022-02-27 07:35:41.655] [exthost] [info] Lock '/home/ubuntu/.vscode-server/data/User/workspaceStorage/2bd17f607a67a2ab9977bfcb9cde9d4c-1/vscode.lock': Lock acquired.
[2022-02-27 07:35:41.909] [exthost] [info] ExtensionService#_doActivateExtension vscode.debug-auto-launch, startup: true, activationEvent: '*'
[2022-02-27 07:35:41.915] [exthost] [info] ExtensionService#loadCommonJSModule file:///home/ubuntu/.vscode-server/bin/6cba118ac49a1b88332f312a8f67186f7f3c1643/extensions/debug-auto-launch/dist/extension
[2022-02-27 07:35:41.922] [exthost] [info] ExtensionService#_doActivateExtension vscode.git, startup: true, activationEvent: '*', root cause: vscode.github
[2022-02-27 07:35:41.923] [exthost] [info] ExtensionService#loadCommonJSModule file:///home/ubuntu/.vscode-server/bin/6cba118ac49a1b88332f312a8f67186f7f3c1643/extensions/git/dist/main
[2022-02-27 07:35:52.002] [exthost] [info] ExtensionService#_doActivateExtension vscode.emmet, startup: false, activationEvent: 'onStartupFinished'
[2022-02-27 07:35:52.003] [exthost] [info] ExtensionService#loadCommonJSModule file:///home/ubuntu/.vscode-server/bin/6cba118ac49a1b88332f312a8f67186f7f3c1643/extensions/emmet/dist/node/emmetNodeMain
[2022-02-27 07:35:52.023] [exthost] [info] ExtensionService#_doActivateExtension vscode.merge-conflict, startup: false, activationEvent: 'onStartupFinished'
[2022-02-27 07:35:52.024] [exthost] [info] ExtensionService#loadCommonJSModule file:///home/ubuntu/.vscode-server/bin/6cba118ac49a1b88332f312a8f67186f7f3c1643/extensions/merge-conflict/dist/mergeConflictMain
[2022-02-27 10:51:52.837] [exthost] [info] extension host terminating: renderer disconnected for too long (1)
[2022-02-27 10:51:52.838] [exthost] [info] Lock '/home/ubuntu/.vscode-server/data/User/workspaceStorage/2bd17f607a67a2ab9977bfcb9cde9d4c-1/vscode.lock': Marking the lockfile as scheduled to be released in 6000 ms.
[2022-02-27 10:51:52.839] [exthost] [error] [ExtHostStorage] {"code":"Unknown","name":"Canceled (FileSystemError)"}
[2022-02-27 10:51:52.841] [exthost] [error] Activating extension vscode.debug-auto-launch failed due to an error:
[2022-02-27 10:51:52.842] [exthost] [error] Canceled: Canceled
	at Object.n [as canceled] (/home/ubuntu/.vscode-server/bin/6cba118ac49a1b88332f312a8f67186f7f3c1643/out/vs/server/remoteExtensionHostProcess.js:5:1157)
	at /home/ubuntu/.vscode-server/bin/6cba118ac49a1b88332f312a8f67186f7f3c1643/out/vs/server/remoteExtensionHostProcess.js:98:9064
	at Array.forEach (<anonymous>)
	at i.dispose (/home/ubuntu/.vscode-server/bin/6cba118ac49a1b88332f312a8f67186f7f3c1643/out/vs/server/remoteExtensionHostProcess.js:98:9012)
	at b.terminate (/home/ubuntu/.vscode-server/bin/6cba118ac49a1b88332f312a8f67186f7f3c1643/out/vs/server/remoteExtensionHostProcess.js:103:682)
	at o (/home/ubuntu/.vscode-server/bin/6cba118ac49a1b88332f312a8f67186f7f3c1643/out/vs/server/remoteExtensionHostProcess.js:113:32535)
	at p.runner (/home/ubuntu/.vscode-server/bin/6cba118ac49a1b88332f312a8f67186f7f3c1643/out/vs/server/remoteExtensionHostProcess.js:113:29088)
	at p.onInterval (/home/ubuntu/.vscode-server/bin/6cba118ac49a1b88332f312a8f67186f7f3c1643/out/vs/server/remoteExtensionHostProcess.js:73:19169)
	at listOnTimeout (internal/timers.js:554:17)
	at processTimers (internal/timers.js:497:7)
[2022-02-27 10:51:52.842] [exthost] [error] Activating extension vscode.git failed due to an error:
[2022-02-27 10:51:52.842] [exthost] [error] Canceled: Canceled
	at Object.n [as canceled] (/home/ubuntu/.vscode-server/bin/6cba118ac49a1b88332f312a8f67186f7f3c1643/out/vs/server/remoteExtensionHostProcess.js:5:1157)
	at /home/ubuntu/.vscode-server/bin/6cba118ac49a1b88332f312a8f67186f7f3c1643/out/vs/server/remoteExtensionHostProcess.js:98:9064
	at Array.forEach (<anonymous>)
	at i.dispose (/home/ubuntu/.vscode-server/bin/6cba118ac49a1b88332f312a8f67186f7f3c1643/out/vs/server/remoteExtensionHostProcess.js:98:9012)
	at b.terminate (/home/ubuntu/.vscode-server/bin/6cba118ac49a1b88332f312a8f67186f7f3c1643/out/vs/server/remoteExtensionHostProcess.js:103:682)
	at o (/home/ubuntu/.vscode-server/bin/6cba118ac49a1b88332f312a8f67186f7f3c1643/out/vs/server/remoteExtensionHostProcess.js:113:32535)
	at p.runner (/home/ubuntu/.vscode-server/bin/6cba118ac49a1b88332f312a8f67186f7f3c1643/out/vs/server/remoteExtensionHostProcess.js:113:29088)
	at p.onInterval (/home/ubuntu/.vscode-server/bin/6cba118ac49a1b88332f312a8f67186f7f3c1643/out/vs/server/remoteExtensionHostProcess.js:73:19169)
	at listOnTimeout (internal/timers.js:554:17)
	at processTimers (internal/timers.js:497:7)
[2022-02-27 10:51:52.842] [exthost] [error] Activating extension vscode.emmet failed due to an error:
[2022-02-27 10:51:52.842] [exthost] [error] Canceled: Canceled
	at Object.n [as canceled] (/home/ubuntu/.vscode-server/bin/6cba118ac49a1b88332f312a8f67186f7f3c1643/out/vs/server/remoteExtensionHostProcess.js:5:1157)
	at /home/ubuntu/.vscode-server/bin/6cba118ac49a1b88332f312a8f67186f7f3c1643/out/vs/server/remoteExtensionHostProcess.js:98:9064
	at Array.forEach (<anonymous>)
	at i.dispose (/home/ubuntu/.vscode-server/bin/6cba118ac49a1b88332f312a8f67186f7f3c1643/out/vs/server/remoteExtensionHostProcess.js:98:9012)
	at b.terminate (/home/ubuntu/.vscode-server/bin/6cba118ac49a1b88332f312a8f67186f7f3c1643/out/vs/server/remoteExtensionHostProcess.js:103:682)
	at o (/home/ubuntu/.vscode-server/bin/6cba118ac49a1b88332f312a8f67186f7f3c1643/out/vs/server/remoteExtensionHostProcess.js:113:32535)
	at p.runner (/home/ubuntu/.vscode-server/bin/6cba118ac49a1b88332f312a8f67186f7f3c1643/out/vs/server/remoteExtensionHostProcess.js:113:29088)
	at p.onInterval (/home/ubuntu/.vscode-server/bin/6cba118ac49a1b88332f312a8f67186f7f3c1643/out/vs/server/remoteExtensionHostProcess.js:73:19169)
	at listOnTimeout (internal/timers.js:554:17)
	at processTimers (internal/timers.js:497:7)
[2022-02-27 10:51:52.843] [exthost] [error] Activating extension vscode.merge-conflict failed due to an error:
[2022-02-27 10:51:52.843] [exthost] [error] Canceled: Canceled
	at Object.n [as canceled] (/home/ubuntu/.vscode-server/bin/6cba118ac49a1b88332f312a8f67186f7f3c1643/out/vs/server/remoteExtensionHostProcess.js:5:1157)
	at /home/ubuntu/.vscode-server/bin/6cba118ac49a1b88332f312a8f67186f7f3c1643/out/vs/server/remoteExtensionHostProcess.js:98:9064
	at Array.forEach (<anonymous>)
	at i.dispose (/home/ubuntu/.vscode-server/bin/6cba118ac49a1b88332f312a8f67186f7f3c1643/out/vs/server/remoteExtensionHostProcess.js:98:9012)
	at b.terminate (/home/ubuntu/.vscode-server/bin/6cba118ac49a1b88332f312a8f67186f7f3c1643/out/vs/server/remoteExtensionHostProcess.js:103:682)
	at o (/home/ubuntu/.vscode-server/bin/6cba118ac49a1b88332f312a8f67186f7f3c1643/out/vs/server/remoteExtensionHostProcess.js:113:32535)
	at p.runner (/home/ubuntu/.vscode-server/bin/6cba118ac49a1b88332f312a8f67186f7f3c1643/out/vs/server/remoteExtensionHostProcess.js:113:29088)
	at p.onInterval (/home/ubuntu/.vscode-server/bin/6cba118ac49a1b88332f312a8f67186f7f3c1643/out/vs/server/remoteExtensionHostProcess.js:73:19169)
	at listOnTimeout (internal/timers.js:554:17)
	at processTimers (internal/timers.js:497:7)
[2022-02-27 10:51:52.843] [exthost] [info] eager extensions activated
[2022-02-27 10:51:53.840] [exthost] [info] exiting with code 0
