[2022-03-15 05:47:23.557] [exthost] [info] extension host started
[2022-03-15 05:47:23.592] [exthost] [info] Lock '/home/ubuntu/.vscode-server/data/User/workspaceStorage/5b3d9314994aa8bc034f1e306721bae9/vscode.lock': Lock acquired.
[2022-03-15 05:47:24.317] [exthost] [info] ExtensionService#_doActivateExtension vscode.debug-auto-launch, startup: true, activationEvent: '*'
[2022-03-15 05:47:24.318] [exthost] [info] ExtensionService#loadCommonJSModule file:///home/ubuntu/.vscode-server/bin/6cba118ac49a1b88332f312a8f67186f7f3c1643/extensions/debug-auto-launch/dist/extension
[2022-03-15 05:47:24.330] [exthost] [info] ExtensionService#_doActivateExtension vscode.git, startup: true, activationEvent: '*', root cause: vscode.github
[2022-03-15 05:47:24.330] [exthost] [info] ExtensionService#loadCommonJSModule file:///home/ubuntu/.vscode-server/bin/6cba118ac49a1b88332f312a8f67186f7f3c1643/extensions/git/dist/main
[2022-03-15 05:47:25.969] [exthost] [info] ExtensionService#_doActivateExtension vscode.github, startup: true, activationEvent: '*'
[2022-03-15 05:47:25.970] [exthost] [info] ExtensionService#loadCommonJSModule file:///home/ubuntu/.vscode-server/bin/6cba118ac49a1b88332f312a8f67186f7f3c1643/extensions/github/dist/extension.js
[2022-03-15 05:47:26.527] [exthost] [info] ExtensionService#_doActivateExtension vscode.emmet, startup: false, activationEvent: 'onStartupFinished'
[2022-03-15 05:47:26.540] [exthost] [info] ExtensionService#loadCommonJSModule file:///home/ubuntu/.vscode-server/bin/6cba118ac49a1b88332f312a8f67186f7f3c1643/extensions/emmet/dist/node/emmetNodeMain
[2022-03-15 05:47:26.618] [exthost] [info] ExtensionService#_doActivateExtension vscode.merge-conflict, startup: false, activationEvent: 'onStartupFinished'
[2022-03-15 05:47:26.623] [exthost] [info] ExtensionService#loadCommonJSModule file:///home/ubuntu/.vscode-server/bin/6cba118ac49a1b88332f312a8f67186f7f3c1643/extensions/merge-conflict/dist/mergeConflictMain
[2022-03-15 05:47:26.635] [exthost] [info] eager extensions activated
[2022-03-15 05:47:26.694] [exthost] [info] ExtensionService#_doActivateExtension ms-vscode.js-debug, startup: false, activationEvent: 'onCommand:extension.js-debug.clearAutoAttachVariables'
[2022-03-15 05:47:26.694] [exthost] [info] ExtensionService#loadCommonJSModule file:///home/ubuntu/.vscode-server/bin/6cba118ac49a1b88332f312a8f67186f7f3c1643/extensions/ms-vscode.js-debug/src/extension.js
[2022-03-15 11:07:41.637] [exthost] [info] ExtensionService#_doActivateExtension vscode.configuration-editing, startup: false, activationEvent: 'onLanguage:json'
[2022-03-15 11:07:41.639] [exthost] [info] ExtensionService#loadCommonJSModule file:///home/ubuntu/.vscode-server/bin/6cba118ac49a1b88332f312a8f67186f7f3c1643/extensions/configuration-editing/dist/configurationEditingMain
[2022-03-15 11:07:41.669] [exthost] [info] ExtensionService#_doActivateExtension vscode.extension-editing, startup: false, activationEvent: 'onLanguage:json'
[2022-03-15 11:07:41.669] [exthost] [info] ExtensionService#loadCommonJSModule file:///home/ubuntu/.vscode-server/bin/6cba118ac49a1b88332f312a8f67186f7f3c1643/extensions/extension-editing/dist/extensionEditingMain
[2022-03-15 11:07:41.693] [exthost] [info] ExtensionService#_doActivateExtension vscode.json-language-features, startup: false, activationEvent: 'onLanguage:json'
[2022-03-15 11:07:41.693] [exthost] [info] ExtensionService#loadCommonJSModule file:///home/ubuntu/.vscode-server/bin/6cba118ac49a1b88332f312a8f67186f7f3c1643/extensions/json-language-features/client/dist/node/jsonClientMain
[2022-03-15 11:07:41.770] [exthost] [info] ExtensionService#_doActivateExtension vscode.npm, startup: false, activationEvent: 'onLanguage:json'
[2022-03-15 11:07:41.770] [exthost] [info] ExtensionService#loadCommonJSModule file:///home/ubuntu/.vscode-server/bin/6cba118ac49a1b88332f312a8f67186f7f3c1643/extensions/npm/dist/npmMain
[2022-03-15 11:08:52.157] [exthost] [info] ExtensionService#_doActivateExtension PascalReitermann93.vscode-yaml-sort, startup: false, activationEvent: 'onStartupFinished'
[2022-03-15 11:08:52.158] [exthost] [info] ExtensionService#loadCommonJSModule file:///home/ubuntu/.vscode-server/extensions/pascalreitermann93.vscode-yaml-sort-5.1.6/out/extension.js
[2022-03-15 11:08:56.199] [exthost] [warning] [Decorations] CAPPING events from decorations provider vscode.git 1484
[2022-03-15 17:11:52.183] [exthost] [info] extension host terminating: renderer disconnected for too long (1)
[2022-03-15 17:11:52.183] [exthost] [info] Lock '/home/ubuntu/.vscode-server/data/User/workspaceStorage/5b3d9314994aa8bc034f1e306721bae9/vscode.lock': Marking the lockfile as scheduled to be released in 6000 ms.
[2022-03-15 17:11:53.198] [exthost] [info] exiting with code 0
