Validating found git in: git
Using git 2.25.1 from git
> git rev-parse --git-dir
Open repository: /home/ubuntu
> git status -z -u
> git symbolic-ref --short HEAD
> git for-each-ref --format=%(refname)%00%(upstream:short)%00%(objectname)%00%(upstream:track) refs/heads/main refs/remotes/main
> git for-each-ref --sort -committerdate --format %(refname) %(objectname) %(*objectname)
> git remote --verbose
> git config --get commit.template
> git check-ignore -v -z --stdin
> git show --textconv :ansible/main.yml
> git ls-files --stage -- /home/ubuntu/ansible/main.yml
> git cat-file -s 2961ebbf54e9e81bf713ff225e0b22b4aebec7d8
> git check-ignore -v -z --stdin
> git check-ignore -v -z --stdin
> git check-ignore -v -z --stdin
> git show --textconv :ansible/roles/grafana/tasks/main.yml
> git ls-files --stage -- /home/ubuntu/ansible/roles/grafana/tasks/main.yml
> git cat-file -s faf245413030112ab2e7fd1f456bb4d4086e49a5
> git check-ignore -v -z --stdin
> git check-ignore -v -z --stdin
> git show --textconv :ansible/roles/node-exporter/tasks/main.yml
> git ls-files --stage -- /home/ubuntu/ansible/roles/node-exporter/tasks/main.yml
> git cat-file -s 031253fd658ea2ff1c8ae5e6ba50b5a5ab9d2099
> git check-ignore -v -z --stdin
> git check-ignore -v -z --stdin
> git show --textconv :ansible/main.yml
> git ls-files --stage -- /home/ubuntu/ansible/main.yml
> git cat-file -s 2961ebbf54e9e81bf713ff225e0b22b4aebec7d8
> git show --textconv :ansible/roles/grafana/tasks/main.yml
> git ls-files --stage -- /home/ubuntu/ansible/roles/grafana/tasks/main.yml
> git cat-file -s faf245413030112ab2e7fd1f456bb4d4086e49a5
> git status -z -u
> git symbolic-ref --short HEAD
> git for-each-ref --format=%(refname)%00%(upstream:short)%00%(objectname)%00%(upstream:track) refs/heads/main refs/remotes/main
> git for-each-ref --sort -committerdate --format %(refname) %(objectname) %(*objectname)
> git remote --verbose
> git config --get commit.template
> git status -z -u
> git symbolic-ref --short HEAD
> git for-each-ref --format=%(refname)%00%(upstream:short)%00%(objectname)%00%(upstream:track) refs/heads/main refs/remotes/main
> git for-each-ref --sort -committerdate --format %(refname) %(objectname) %(*objectname)
> git remote --verbose
> git config --get commit.template
> git status -z -u
> git symbolic-ref --short HEAD
> git for-each-ref --format=%(refname)%00%(upstream:short)%00%(objectname)%00%(upstream:track) refs/heads/main refs/remotes/main
> git for-each-ref --sort -committerdate --format %(refname) %(objectname) %(*objectname)
> git remote --verbose
> git config --get commit.template
> git check-ignore -v -z --stdin
> git status -z -u
> git symbolic-ref --short HEAD
> git for-each-ref --format=%(refname)%00%(upstream:short)%00%(objectname)%00%(upstream:track) refs/heads/main refs/remotes/main
> git for-each-ref --sort -committerdate --format %(refname) %(objectname) %(*objectname)
> git remote --verbose
> git config --get commit.template
> git show --textconv :ansible/roles/node-exporter/tasks/main.yml
> git ls-files --stage -- /home/ubuntu/ansible/roles/node-exporter/tasks/main.yml
> git cat-file -s 031253fd658ea2ff1c8ae5e6ba50b5a5ab9d2099
> git show --textconv :ansible/main.yml
> git ls-files --stage -- /home/ubuntu/ansible/main.yml
> git cat-file -s 2961ebbf54e9e81bf713ff225e0b22b4aebec7d8
> git status -z -u
> git symbolic-ref --short HEAD
> git for-each-ref --format=%(refname)%00%(upstream:short)%00%(objectname)%00%(upstream:track) refs/heads/main refs/remotes/main
> git for-each-ref --sort -committerdate --format %(refname) %(objectname) %(*objectname)
> git remote --verbose
> git config --get commit.template
> git status -z -u
> git symbolic-ref --short HEAD
> git for-each-ref --format=%(refname)%00%(upstream:short)%00%(objectname)%00%(upstream:track) refs/heads/main refs/remotes/main
> git for-each-ref --sort -committerdate --format %(refname) %(objectname) %(*objectname)
> git remote --verbose
> git config --get commit.template
> git show --textconv :ansible/roles/grafana/tasks/main.yml
> git ls-files --stage -- /home/ubuntu/ansible/roles/grafana/tasks/main.yml
> git cat-file -s faf245413030112ab2e7fd1f456bb4d4086e49a5
> git show --textconv :ansible/roles/node-exporter/tasks/main.yml
> git ls-files --stage -- /home/ubuntu/ansible/roles/node-exporter/tasks/main.yml
> git cat-file -s 031253fd658ea2ff1c8ae5e6ba50b5a5ab9d2099
> git show --textconv :ansible/roles/prometheus/tasks/main.yml
> git ls-files --stage -- /home/ubuntu/ansible/roles/prometheus/tasks/main.yml
> git cat-file -s dd3632e4076f956b523f1382cf3e3553080c901d
> git show --textconv :ansible/main.yml
> git ls-files --stage -- /home/ubuntu/ansible/main.yml
> git cat-file -s 2961ebbf54e9e81bf713ff225e0b22b4aebec7d8
> git status -z -u
> git symbolic-ref --short HEAD
> git for-each-ref --format=%(refname)%00%(upstream:short)%00%(objectname)%00%(upstream:track) refs/heads/main refs/remotes/main
> git for-each-ref --sort -committerdate --format %(refname) %(objectname) %(*objectname)
> git remote --verbose
> git config --get commit.template
> git show --textconv :ansible/roles/grafana/tasks/main.yml
> git ls-files --stage -- /home/ubuntu/ansible/roles/grafana/tasks/main.yml
> git cat-file -s faf245413030112ab2e7fd1f456bb4d4086e49a5
> git show --textconv :ansible/roles/node-exporter/tasks/main.yml
> git ls-files --stage -- /home/ubuntu/ansible/roles/node-exporter/tasks/main.yml
> git cat-file -s 031253fd658ea2ff1c8ae5e6ba50b5a5ab9d2099
> git status -z -u
> git symbolic-ref --short HEAD
> git for-each-ref --format=%(refname)%00%(upstream:short)%00%(objectname)%00%(upstream:track) refs/heads/main refs/remotes/main
> git for-each-ref --sort -committerdate --format %(refname) %(objectname) %(*objectname)
> git remote --verbose
> git config --get commit.template
