[2022-03-23 12:03:26.284] [exthost] [info] extension host started
[2022-03-23 12:03:26.300] [exthost] [info] Lock '/home/ubuntu/.vscode-server/data/User/workspaceStorage/606b76874864e84624a69801ee9ead1b/vscode.lock': Lock acquired.
[2022-03-23 12:03:26.678] [exthost] [info] ExtensionService#_doActivateExtension vscode.debug-auto-launch, startup: true, activationEvent: '*'
[2022-03-23 12:03:26.679] [exthost] [info] ExtensionService#loadCommonJSModule file:///home/ubuntu/.vscode-server/bin/6cba118ac49a1b88332f312a8f67186f7f3c1643/extensions/debug-auto-launch/dist/extension
[2022-03-23 12:03:26.685] [exthost] [info] ExtensionService#_doActivateExtension vscode.git, startup: true, activationEvent: '*', root cause: vscode.github
[2022-03-23 12:03:26.686] [exthost] [info] ExtensionService#loadCommonJSModule file:///home/ubuntu/.vscode-server/bin/6cba118ac49a1b88332f312a8f67186f7f3c1643/extensions/git/dist/main
[2022-03-23 12:03:27.855] [exthost] [info] ExtensionService#_doActivateExtension vscode.github, startup: true, activationEvent: '*'
[2022-03-23 12:03:27.856] [exthost] [info] ExtensionService#loadCommonJSModule file:///home/ubuntu/.vscode-server/bin/6cba118ac49a1b88332f312a8f67186f7f3c1643/extensions/github/dist/extension.js
[2022-03-23 12:03:28.222] [exthost] [info] ExtensionService#_doActivateExtension vscode.emmet, startup: false, activationEvent: 'onStartupFinished'
[2022-03-23 12:03:28.223] [exthost] [info] ExtensionService#loadCommonJSModule file:///home/ubuntu/.vscode-server/bin/6cba118ac49a1b88332f312a8f67186f7f3c1643/extensions/emmet/dist/node/emmetNodeMain
[2022-03-23 12:03:28.255] [exthost] [info] ExtensionService#_doActivateExtension vscode.merge-conflict, startup: false, activationEvent: 'onStartupFinished'
[2022-03-23 12:03:28.255] [exthost] [info] ExtensionService#loadCommonJSModule file:///home/ubuntu/.vscode-server/bin/6cba118ac49a1b88332f312a8f67186f7f3c1643/extensions/merge-conflict/dist/mergeConflictMain
[2022-03-23 12:03:28.260] [exthost] [info] ExtensionService#_doActivateExtension PascalReitermann93.vscode-yaml-sort, startup: false, activationEvent: 'onStartupFinished'
[2022-03-23 12:03:28.261] [exthost] [info] ExtensionService#loadCommonJSModule file:///home/ubuntu/.vscode-server/extensions/pascalreitermann93.vscode-yaml-sort-5.2.1/out/extension.js
[2022-03-23 12:03:28.332] [exthost] [info] eager extensions activated
[2022-03-23 12:03:28.484] [exthost] [warning] [Decorations] CAPPING events from decorations provider vscode.git 2806
[2022-03-23 12:03:29.441] [exthost] [info] ExtensionService#_doActivateExtension ms-vscode.js-debug, startup: false, activationEvent: 'onCommand:extension.js-debug.clearAutoAttachVariables'
[2022-03-23 12:03:29.442] [exthost] [info] ExtensionService#loadCommonJSModule file:///home/ubuntu/.vscode-server/bin/6cba118ac49a1b88332f312a8f67186f7f3c1643/extensions/ms-vscode.js-debug/src/extension.js
[2022-03-23 12:03:31.849] [exthost] [warning] [Decorations] CAPPING events from decorations provider vscode.git 2806
[2022-03-23 12:03:36.992] [exthost] [warning] [Decorations] CAPPING events from decorations provider vscode.git 2806
[2022-03-23 12:03:42.133] [exthost] [warning] [Decorations] CAPPING events from decorations provider vscode.git 2806
[2022-03-23 12:03:47.262] [exthost] [warning] [Decorations] CAPPING events from decorations provider vscode.git 2806
[2022-03-23 12:07:44.845] [exthost] [warning] [Decorations] CAPPING events from decorations provider vscode.git 2806
[2022-03-23 12:09:13.974] [exthost] [warning] [Decorations] CAPPING events from decorations provider vscode.git 2806
[2022-03-23 12:09:19.206] [exthost] [warning] [Decorations] CAPPING events from decorations provider vscode.git 2806
[2022-03-23 12:09:24.339] [exthost] [warning] [Decorations] CAPPING events from decorations provider vscode.git 2806
[2022-03-23 12:09:29.579] [exthost] [warning] [Decorations] CAPPING events from decorations provider vscode.git 2806
[2022-03-23 12:09:35.407] [exthost] [warning] [Decorations] CAPPING events from decorations provider vscode.git 2806
[2022-03-23 12:09:40.644] [exthost] [warning] [Decorations] CAPPING events from decorations provider vscode.git 2806
[2022-03-23 12:09:45.785] [exthost] [warning] [Decorations] CAPPING events from decorations provider vscode.git 2806
[2022-03-23 12:09:50.911] [exthost] [warning] [Decorations] CAPPING events from decorations provider vscode.git 2806
[2022-03-23 12:18:43.432] [exthost] [warning] [Decorations] CAPPING events from decorations provider vscode.git 2806
[2022-03-23 12:28:36.402] [exthost] [warning] [Decorations] CAPPING events from decorations provider vscode.git 2806
[2022-03-23 12:28:56.890] [exthost] [warning] [Decorations] CAPPING events from decorations provider vscode.git 2805
[2022-03-23 12:29:02.022] [exthost] [warning] [Decorations] CAPPING events from decorations provider vscode.git 2805
[2022-03-23 12:29:07.154] [exthost] [warning] [Decorations] CAPPING events from decorations provider vscode.git 2805
[2022-03-23 12:29:16.258] [exthost] [warning] [Decorations] CAPPING events from decorations provider vscode.git 2805
[2022-03-23 12:29:34.584] [exthost] [warning] [Decorations] CAPPING events from decorations provider vscode.git 2805
[2022-03-23 12:29:43.474] [exthost] [warning] [Decorations] CAPPING events from decorations provider vscode.git 2805
[2022-03-23 12:29:56.134] [exthost] [warning] [Decorations] CAPPING events from decorations provider vscode.git 2805
[2022-03-23 12:30:12.725] [exthost] [warning] [Decorations] CAPPING events from decorations provider vscode.git 2805
[2022-03-23 12:30:17.979] [exthost] [warning] [Decorations] CAPPING events from decorations provider vscode.git 2805
[2022-03-23 12:30:23.115] [exthost] [warning] [Decorations] CAPPING events from decorations provider vscode.git 2805
[2022-03-23 12:30:28.268] [exthost] [warning] [Decorations] CAPPING events from decorations provider vscode.git 2805
[2022-03-23 12:30:33.409] [exthost] [warning] [Decorations] CAPPING events from decorations provider vscode.git 2805
[2022-03-23 12:30:38.545] [exthost] [warning] [Decorations] CAPPING events from decorations provider vscode.git 2805
[2022-03-23 12:30:43.686] [exthost] [warning] [Decorations] CAPPING events from decorations provider vscode.git 2805
[2022-03-23 12:30:48.816] [exthost] [warning] [Decorations] CAPPING events from decorations provider vscode.git 2805
[2022-03-23 12:30:53.942] [exthost] [warning] [Decorations] CAPPING events from decorations provider vscode.git 2805
[2022-03-23 12:30:59.076] [exthost] [warning] [Decorations] CAPPING events from decorations provider vscode.git 2805
[2022-03-23 12:31:04.212] [exthost] [warning] [Decorations] CAPPING events from decorations provider vscode.git 2805
[2022-03-23 12:31:09.349] [exthost] [warning] [Decorations] CAPPING events from decorations provider vscode.git 2805
[2022-03-23 12:31:14.473] [exthost] [warning] [Decorations] CAPPING events from decorations provider vscode.git 2805
[2022-03-23 12:31:19.604] [exthost] [warning] [Decorations] CAPPING events from decorations provider vscode.git 2805
[2022-03-23 12:31:24.734] [exthost] [warning] [Decorations] CAPPING events from decorations provider vscode.git 2805
[2022-03-23 12:31:29.865] [exthost] [warning] [Decorations] CAPPING events from decorations provider vscode.git 2805
[2022-03-23 12:31:34.991] [exthost] [warning] [Decorations] CAPPING events from decorations provider vscode.git 2805
[2022-03-23 12:31:40.125] [exthost] [warning] [Decorations] CAPPING events from decorations provider vscode.git 2805
[2022-03-23 12:31:45.247] [exthost] [warning] [Decorations] CAPPING events from decorations provider vscode.git 2805
[2022-03-23 12:31:50.398] [exthost] [warning] [Decorations] CAPPING events from decorations provider vscode.git 2805
[2022-03-23 12:31:55.525] [exthost] [warning] [Decorations] CAPPING events from decorations provider vscode.git 2805
[2022-03-23 12:32:00.665] [exthost] [warning] [Decorations] CAPPING events from decorations provider vscode.git 2805
[2022-03-23 12:32:05.792] [exthost] [warning] [Decorations] CAPPING events from decorations provider vscode.git 2805
[2022-03-23 12:32:10.925] [exthost] [warning] [Decorations] CAPPING events from decorations provider vscode.git 2805
[2022-03-23 12:32:16.044] [exthost] [warning] [Decorations] CAPPING events from decorations provider vscode.git 2805
[2022-03-23 12:32:21.170] [exthost] [warning] [Decorations] CAPPING events from decorations provider vscode.git 2805
[2022-03-23 12:32:26.304] [exthost] [warning] [Decorations] CAPPING events from decorations provider vscode.git 2805
[2022-03-23 12:32:31.444] [exthost] [warning] [Decorations] CAPPING events from decorations provider vscode.git 2805
[2022-03-23 12:32:36.576] [exthost] [warning] [Decorations] CAPPING events from decorations provider vscode.git 2805
[2022-03-23 12:32:41.707] [exthost] [warning] [Decorations] CAPPING events from decorations provider vscode.git 2805
[2022-03-23 12:32:46.827] [exthost] [warning] [Decorations] CAPPING events from decorations provider vscode.git 2805
[2022-03-23 12:32:51.959] [exthost] [warning] [Decorations] CAPPING events from decorations provider vscode.git 2805
[2022-03-23 12:32:57.097] [exthost] [warning] [Decorations] CAPPING events from decorations provider vscode.git 2805
[2022-03-23 12:33:02.220] [exthost] [warning] [Decorations] CAPPING events from decorations provider vscode.git 2805
[2022-03-23 12:33:07.351] [exthost] [warning] [Decorations] CAPPING events from decorations provider vscode.git 2805
[2022-03-23 12:33:12.479] [exthost] [warning] [Decorations] CAPPING events from decorations provider vscode.git 2805
[2022-03-23 12:33:17.597] [exthost] [warning] [Decorations] CAPPING events from decorations provider vscode.git 2805
[2022-03-23 12:33:22.728] [exthost] [warning] [Decorations] CAPPING events from decorations provider vscode.git 2805
[2022-03-23 12:33:27.858] [exthost] [warning] [Decorations] CAPPING events from decorations provider vscode.git 2805
[2022-03-23 12:33:32.978] [exthost] [warning] [Decorations] CAPPING events from decorations provider vscode.git 2805
[2022-03-23 12:33:38.107] [exthost] [warning] [Decorations] CAPPING events from decorations provider vscode.git 2805
[2022-03-23 12:33:43.235] [exthost] [warning] [Decorations] CAPPING events from decorations provider vscode.git 2805
[2022-03-23 12:33:48.360] [exthost] [warning] [Decorations] CAPPING events from decorations provider vscode.git 2805
[2022-03-23 12:33:53.484] [exthost] [warning] [Decorations] CAPPING events from decorations provider vscode.git 2805
[2022-03-23 12:33:58.609] [exthost] [warning] [Decorations] CAPPING events from decorations provider vscode.git 2805
[2022-03-23 12:34:03.738] [exthost] [warning] [Decorations] CAPPING events from decorations provider vscode.git 2805
[2022-03-23 12:34:08.868] [exthost] [warning] [Decorations] CAPPING events from decorations provider vscode.git 2805
[2022-03-23 12:34:13.987] [exthost] [warning] [Decorations] CAPPING events from decorations provider vscode.git 2805
[2022-03-23 12:34:19.120] [exthost] [warning] [Decorations] CAPPING events from decorations provider vscode.git 2805
[2022-03-23 12:34:24.248] [exthost] [warning] [Decorations] CAPPING events from decorations provider vscode.git 2805
[2022-03-23 12:47:14.479] [exthost] [warning] [Decorations] CAPPING events from decorations provider vscode.git 2805
[2022-03-23 12:47:19.739] [exthost] [warning] [Decorations] CAPPING events from decorations provider vscode.git 2805
[2022-03-23 12:48:41.156] [exthost] [warning] [Decorations] CAPPING events from decorations provider vscode.git 2805
[2022-03-23 12:48:46.274] [exthost] [warning] [Decorations] CAPPING events from decorations provider vscode.git 2805
[2022-03-23 12:48:51.403] [exthost] [warning] [Decorations] CAPPING events from decorations provider vscode.git 2805
[2022-03-23 12:48:56.526] [exthost] [warning] [Decorations] CAPPING events from decorations provider vscode.git 2805
[2022-03-23 12:49:01.777] [exthost] [warning] [Decorations] CAPPING events from decorations provider vscode.git 2805
[2022-03-23 12:49:06.903] [exthost] [warning] [Decorations] CAPPING events from decorations provider vscode.git 2805
[2022-03-23 12:49:12.151] [exthost] [warning] [Decorations] CAPPING events from decorations provider vscode.git 2805
[2022-03-23 12:49:17.286] [exthost] [warning] [Decorations] CAPPING events from decorations provider vscode.git 2805
[2022-03-23 12:49:22.446] [exthost] [warning] [Decorations] CAPPING events from decorations provider vscode.git 2805
[2022-03-23 12:49:27.574] [exthost] [warning] [Decorations] CAPPING events from decorations provider vscode.git 2805
[2022-03-23 12:49:32.701] [exthost] [warning] [Decorations] CAPPING events from decorations provider vscode.git 2805
[2022-03-23 12:49:37.825] [exthost] [warning] [Decorations] CAPPING events from decorations provider vscode.git 2805
[2022-03-23 12:49:42.956] [exthost] [warning] [Decorations] CAPPING events from decorations provider vscode.git 2805
[2022-03-23 12:49:48.080] [exthost] [warning] [Decorations] CAPPING events from decorations provider vscode.git 2805
[2022-03-23 12:49:56.451] [exthost] [warning] [Decorations] CAPPING events from decorations provider vscode.git 2805
[2022-03-23 12:50:01.583] [exthost] [warning] [Decorations] CAPPING events from decorations provider vscode.git 2805
[2022-03-23 12:50:38.017] [exthost] [warning] [Decorations] CAPPING events from decorations provider vscode.git 2805
[2022-03-23 12:50:43.147] [exthost] [warning] [Decorations] CAPPING events from decorations provider vscode.git 2805
[2022-03-23 17:01:19.364] [exthost] [info] extension host terminating: renderer disconnected for too long (1)
[2022-03-23 17:01:19.365] [exthost] [info] Lock '/home/ubuntu/.vscode-server/data/User/workspaceStorage/606b76874864e84624a69801ee9ead1b/vscode.lock': Marking the lockfile as scheduled to be released in 6000 ms.
[2022-03-23 17:01:20.381] [exthost] [info] exiting with code 0
